<?xml version="1.0" encoding="UTF-8"?>
<testsuite name="As a registered user can log in with valid username/password-combination #2" tests="2" skipped="0" failures="2" errors="0" timestamp="2020-11-03T19:41:37" hostname="DESKTOP-LNGDGUC" time="0.064">
  <properties/>
  <testcase name="user can login with correct password" classname="As a registered user can log in with valid username/password-combination #2" time="0.039">
    <failure message="io.cucumber.junit.UndefinedStepException: The step &quot;username &quot;jukka&quot; and password &quot;akkuj&quot; are given&quot; is undefined. You can implement it using the snippet(s) below:&#10;&#10;@When(&quot;username {string} and password {string} are given&quot;)&#10;public void usernameAndPasswordAreGiven(String string, String string2) {&#10;    // Write code here that turns the phrase above into concrete actions&#10;    throw new io.cucumber.java.PendingException();&#10;}&#10;&#10;&#10;Some other steps were also undefined:&#10;&#10;@Then(&quot;system will respond {string}&quot;)&#10;public void systemWillRespond(String string) {&#10;    // Write code here that turns the phrase above into concrete actions&#10;    throw new io.cucumber.java.PendingException();&#10;}&#10;" type="io.cucumber.junit.UndefinedStepException">io.cucumber.junit.UndefinedStepException: The step &quot;username &quot;jukka&quot; and password &quot;akkuj&quot; are given&quot; is undefined. You can implement it using the snippet(s) below:

@When(&quot;username {string} and password {string} are given&quot;)
public void usernameAndPasswordAreGiven(String string, String string2) {
    // Write code here that turns the phrase above into concrete actions
    throw new io.cucumber.java.PendingException();
}


Some other steps were also undefined:

@Then(&quot;system will respond {string}&quot;)
public void systemWillRespond(String string) {
    // Write code here that turns the phrase above into concrete actions
    throw new io.cucumber.java.PendingException();
}

</failure>
  </testcase>
  <testcase name="user can not login with incorrect password" classname="As a registered user can log in with valid username/password-combination #2" time="0.025">
    <failure message="io.cucumber.junit.UndefinedStepException: The step &quot;username &quot;jukka&quot; and password &quot;wrong&quot; are given&quot; is undefined. You can implement it using the snippet(s) below:&#10;&#10;@When(&quot;username {string} and password {string} are given&quot;)&#10;public void usernameAndPasswordAreGiven(String string, String string2) {&#10;    // Write code here that turns the phrase above into concrete actions&#10;    throw new io.cucumber.java.PendingException();&#10;}&#10;&#10;&#10;Some other steps were also undefined:&#10;&#10;@Then(&quot;system will respond {string}&quot;)&#10;public void systemWillRespond(String string) {&#10;    // Write code here that turns the phrase above into concrete actions&#10;    throw new io.cucumber.java.PendingException();&#10;}&#10;" type="io.cucumber.junit.UndefinedStepException">io.cucumber.junit.UndefinedStepException: The step &quot;username &quot;jukka&quot; and password &quot;wrong&quot; are given&quot; is undefined. You can implement it using the snippet(s) below:

@When(&quot;username {string} and password {string} are given&quot;)
public void usernameAndPasswordAreGiven(String string, String string2) {
    // Write code here that turns the phrase above into concrete actions
    throw new io.cucumber.java.PendingException();
}


Some other steps were also undefined:

@Then(&quot;system will respond {string}&quot;)
public void systemWillRespond(String string) {
    // Write code here that turns the phrase above into concrete actions
    throw new io.cucumber.java.PendingException();
}

</failure>
  </testcase>
  <system-out><![CDATA[
Scenario: user can login with correct password          ?[90m# src/test/resources/ohtu/logging_in_antipattern.feature:3?[0m
  ?[32mGiven ?[0m?[32mlogin is selected?[0m                               ?[90m# ohtu.Stepdefs.loginIsSelected()?[0m
  ?[33mWhen ?[0m?[33musername "jukka" and password "akkuj" are given?[0m  ?[90m# null?[0m
  ?[36mThen ?[0m?[36msystem will respond "Ohtu Application main page"?[0m ?[90m# null?[0m

Scenario: user can not login with incorrect password      ?[90m# src/test/resources/ohtu/logging_in_antipattern.feature:8?[0m
  ?[32mGiven ?[0m?[32mlogin is selected?[0m                                 ?[90m# ohtu.Stepdefs.loginIsSelected()?[0m
  ?[33mWhen ?[0m?[33musername "jukka" and password "wrong" are given?[0m    ?[90m# null?[0m
  ?[36mThen ?[0m?[36msystem will respond "invalid username or password"?[0m ?[90m# null?[0m
]]></system-out>
  <system-err><![CDATA[]]></system-err>
</testsuite>
