<?xml version="1.0" encoding="UTF-8"?>
<testsuite name="As a registered user can log in with valid username/password-combination #2" tests="3" skipped="0" failures="0" errors="0" timestamp="2020-11-06T18:26:16" hostname="DESKTOP-LNGDGUC" time="0.073">
  <properties/>
  <testcase name="user can login with correct password" classname="As a registered user can log in with valid username/password-combination #2" time="0.026"/>
  <testcase name="user can not login with incorrect password" classname="As a registered user can log in with valid username/password-combination #2" time="0.024"/>
  <testcase name="nonexistent user can not login to" classname="As a registered user can log in with valid username/password-combination #2" time="0.023"/>
  <system-out><![CDATA[
Scenario: user can login with correct password          ?[90m# src/test/resources/ohtu/logging_in_antipattern.feature:3?[0m
  ?[32mGiven ?[0m?[32mlogin is selected?[0m                               ?[90m# ohtu.Stepdefs.loginIsSelected()?[0m
  ?[32mWhen ?[0m?[32musername ?[0m?[32m?[1m"jukka"?[0m?[32m and password ?[0m?[32m?[1m"akkuj"?[0m?[32m are given?[0m  ?[90m# ohtu.Stepdefs.usernameAndPasswordAreGiven(java.lang.String,java.lang.String)?[0m
  ?[32mThen ?[0m?[32msystem will respond ?[0m?[32m?[1m"Ohtu Application main page"?[0m ?[90m# ohtu.Stepdefs.systemWillRespond(java.lang.String)?[0m

Scenario: user can not login with incorrect password      ?[90m# src/test/resources/ohtu/logging_in_antipattern.feature:8?[0m
  ?[32mGiven ?[0m?[32mlogin is selected?[0m                                 ?[90m# ohtu.Stepdefs.loginIsSelected()?[0m
  ?[32mWhen ?[0m?[32musername ?[0m?[32m?[1m"jukka"?[0m?[32m and password ?[0m?[32m?[1m"wrong"?[0m?[32m are given?[0m    ?[90m# ohtu.Stepdefs.usernameAndPasswordAreGiven(java.lang.String,java.lang.String)?[0m
  ?[32mThen ?[0m?[32msystem will respond ?[0m?[32m?[1m"invalid username or password"?[0m ?[90m# ohtu.Stepdefs.systemWillRespond(java.lang.String)?[0m

Scenario: nonexistent user can not login to                                   ?[90m# src/test/resources/ohtu/logging_in_antipattern.feature:13?[0m
  ?[32mGiven ?[0m?[32mlogin is selected?[0m                                                     ?[90m# ohtu.Stepdefs.loginIsSelected()?[0m
  ?[32mWhen ?[0m?[32mnonexistent username ?[0m?[32m?[1m"jugga"?[0m?[32m and nonexistent password ?[0m?[32m?[1m"jugg"?[0m?[32m are given?[0m ?[90m# ohtu.Stepdefs.nonexistentUsernameAndNonexistentPasswordAreGiven(java.lang.String,java.lang.String)?[0m
  ?[32mThen ?[0m?[32muser is not logged in and error message is given?[0m                       ?[90m# ohtu.Stepdefs.userIsNotLoggedInAndErrorMessageIsGiven()?[0m
]]></system-out>
  <system-err><![CDATA[]]></system-err>
</testsuite>
